·▄▄▄▄  ▪   ▄▄▄·▄▄▌        • ▌ ▄ ·.  ▄▄▄·     ▄▄▄▄▄ ▄ .▄▄▄▄ ..▄▄ · ▪  .▄▄ ·                            
██▪ ██ ██ ▐█ ▄███•  ▪     ·██ ▐███▪▐█ ▀█     •██  ██▪▐█▀▄.▀·▐█ ▀. ██ ▐█ ▀.                            
▐█· ▐█▌▐█· ██▀·██▪   ▄█▀▄ ▐█ ▌▐▌▐█·▄█▀▀█      ▐█.▪██▀▐█▐▀▀▪▄▄▀▀▀█▄▐█·▄▀▀▀█▄                           
██. ██ ▐█▌▐█▪·•▐█▌▐▌▐█▌.▐▌██ ██▌▐█▌▐█ ▪▐▌     ▐█▌·██▌▐▀▐█▄▄▌▐█▄▪▐█▐█▌▐█▄▪▐█                           
▀▀▀▀▀• ▀▀▀.▀   .▀▀▀  ▀█▄▀▪▀▀  █▪▀▀▀ ▀  ▀      ▀▀▀ ▀▀▀ · ▀▀▀  ▀▀▀▀ ▀▀▀ ▀▀▀▀     
 ▄▄▄·▄▄▄ .·▄▄▄▄  ▄▄▄ ..▄▄ · ▄▄▄▄▄▄▄▄  ▪   ▄▄▄·  ▐ ▄     ·▄▄▄▄  ▄▄▄ .▄▄▄▄▄▄▄▄ . ▄▄· ▄▄▄▄▄▪         ▐ ▄ 
▐█ ▄█▀▄.▀·██▪ ██ ▀▄.▀·▐█ ▀. •██  ▀▄ █·██ ▐█ ▀█ •█▌▐█    ██▪ ██ ▀▄.▀·•██  ▀▄.▀·▐█ ▌▪•██  ██ ▪     •█▌▐█
 ██▀·▐▀▀▪▄▐█· ▐█▌▐▀▀▪▄▄▀▀▀█▄ ▐█.▪▐▀▀▄ ▐█·▄█▀▀█ ▐█▐▐▌    ▐█· ▐█▌▐▀▀▪▄ ▐█.▪▐▀▀▪▄██ ▄▄ ▐█.▪▐█· ▄█▀▄ ▐█▐▐▌
▐█▪·•▐█▄▄▌██. ██ ▐█▄▄▌▐█▄▪▐█ ▐█▌·▐█•█▌▐█▌▐█ ▪▐▌██▐█▌    ██. ██ ▐█▄▄▌ ▐█▌·▐█▄▄▌▐███▌ ▐█▌·▐█▌▐█▌.▐▌██▐█▌
.▀    ▀▀▀ ▀▀▀▀▀•  ▀▀▀  ▀▀▀▀  ▀▀▀ .▀  ▀▀▀▀ ▀  ▀ ▀▀ █▪    ▀▀▀▀▀•  ▀▀▀  ▀▀▀  ▀▀▀ ·▀▀▀  ▀▀▀ ▀▀▀ ▀█▄▀▪▀▀ █▪                                              

 ▄▄▄▄▄▄▄▄▄▄▄  ▄         ▄  ▄▄▄▄▄▄▄▄▄▄▄  ▄▄        ▄  ▄▄▄▄▄▄▄▄▄▄▄  ▄▄▄▄▄▄▄▄▄▄▄  ▄            ▄▄▄▄▄▄▄▄▄▄▄  ▄▄▄▄▄▄▄▄▄▄▄                                        
▐░░░░░░░░░░░▌▐░▌       ▐░▌▐░░░░░░░░░░░▌▐░░▌      ▐░▌▐░░░░░░░░░░░▌▐░░░░░░░░░░░▌▐░▌          ▐░░░░░░░░░░░▌▐░░░░░░░░░░░▌                                       
▐░█▀▀▀▀▀▀▀▀▀ ▐░▌       ▐░▌▐░█▀▀▀▀▀▀▀█░▌▐░▌░▌     ▐░▌▐░█▀▀▀▀▀▀▀▀▀ ▐░█▀▀▀▀▀▀▀▀▀ ▐░▌          ▐░█▀▀▀▀▀▀▀█░▌▐░█▀▀▀▀▀▀▀▀▀                                        
▐░▌          ▐░▌       ▐░▌▐░▌       ▐░▌▐░▌▐░▌    ▐░▌▐░▌          ▐░▌          ▐░▌          ▐░▌       ▐░▌▐░▌                                                 
▐░▌          ▐░█▄▄▄▄▄▄▄█░▌▐░█▄▄▄▄▄▄▄█░▌▐░▌ ▐░▌   ▐░▌▐░▌ ▄▄▄▄▄▄▄▄ ▐░█▄▄▄▄▄▄▄▄▄ ▐░▌          ▐░▌       ▐░▌▐░▌ ▄▄▄▄▄▄▄▄                                        
▐░▌          ▐░░░░░░░░░░░▌▐░░░░░░░░░░░▌▐░▌  ▐░▌  ▐░▌▐░▌▐░░░░░░░░▌▐░░░░░░░░░░░▌▐░▌          ▐░▌       ▐░▌▐░▌▐░░░░░░░░▌                                       
▐░▌          ▐░█▀▀▀▀▀▀▀█░▌▐░█▀▀▀▀▀▀▀█░▌▐░▌   ▐░▌ ▐░▌▐░▌ ▀▀▀▀▀▀█░▌▐░█▀▀▀▀▀▀▀▀▀ ▐░▌          ▐░▌       ▐░▌▐░▌ ▀▀▀▀▀▀█░▌                                       
▐░▌          ▐░▌       ▐░▌▐░▌       ▐░▌▐░▌    ▐░▌▐░▌▐░▌       ▐░▌▐░▌          ▐░▌          ▐░▌       ▐░▌▐░▌       ▐░▌                                       
▐░█▄▄▄▄▄▄▄▄▄ ▐░▌       ▐░▌▐░▌       ▐░▌▐░▌     ▐░▐░▌▐░█▄▄▄▄▄▄▄█░▌▐░█▄▄▄▄▄▄▄▄▄ ▐░█▄▄▄▄▄▄▄▄▄ ▐░█▄▄▄▄▄▄▄█░▌▐░█▄▄▄▄▄▄▄█░▌                                       
▐░░░░░░░░░░░▌▐░▌       ▐░▌▐░▌       ▐░▌▐░▌      ▐░░▌▐░░░░░░░░░░░▌▐░░░░░░░░░░░▌▐░░░░░░░░░░░▌▐░░░░░░░░░░░▌▐░░░░░░░░░░░▌  
▄▄▄▄▄▄▄▄▄▄▄  ▄▄▄▄▄▄▄▄▄▄▄  ▄▄▄▄▄▄▄▄▄▄▄  ▄▄▄▄▄▄▄▄▄▄▄  ▄▄▄▄▄▄▄▄▄▄▄  ▄▄▄▄▄▄▄▄▄▄▄  ▄▄▄▄▄▄▄▄▄▄▄  ▄▄▄▄▄▄▄▄▄▄▄  ▄▄▄▄▄▄▄▄▄▄▄  ▄▄▄▄▄▄▄▄▄▄▄  ▄▄▄▄▄▄▄▄▄▄▄  ▄▄▄▄▄▄▄▄▄▄▄ 


 06-08-2017 - create repo and intial commit QT project
 03-10-2017 - GUI created, loading img/video to mat, some bugfixes
